<?xml version="1.0" encoding="UTF-8"?>
<testsuite name="com.worklog.cloudconfigserver.CloudConfigServerApplicationTests" tests="1" skipped="0" failures="0" errors="0" timestamp="2021-02-09T11:14:57" hostname="LAPTOP-2KVEP5LJ" time="0.434">
  <properties/>
  <testcase name="contextLoads()" classname="com.worklog.cloudconfigserver.CloudConfigServerApplicationTests" time="0.434"/>
  <system-out><![CDATA[16:44:53.381 [Test worker] DEBUG org.springframework.test.context.BootstrapUtils - Instantiating CacheAwareContextLoaderDelegate from class [org.springframework.test.context.cache.DefaultCacheAwareContextLoaderDelegate]
16:44:53.392 [Test worker] DEBUG org.springframework.test.context.BootstrapUtils - Instantiating BootstrapContext using constructor [public org.springframework.test.context.support.DefaultBootstrapContext(java.lang.Class,org.springframework.test.context.CacheAwareContextLoaderDelegate)]
16:44:53.430 [Test worker] DEBUG org.springframework.test.context.BootstrapUtils - Instantiating TestContextBootstrapper for test class [com.worklog.cloudconfigserver.CloudConfigServerApplicationTests] from class [org.springframework.boot.test.context.SpringBootTestContextBootstrapper]
16:44:53.443 [Test worker] INFO org.springframework.boot.test.context.SpringBootTestContextBootstrapper - Neither @ContextConfiguration nor @ContextHierarchy found for test class [com.worklog.cloudconfigserver.CloudConfigServerApplicationTests], using SpringBootContextLoader
16:44:53.447 [Test worker] DEBUG org.springframework.test.context.support.AbstractContextLoader - Did not detect default resource location for test class [com.worklog.cloudconfigserver.CloudConfigServerApplicationTests]: class path resource [com/worklog/cloudconfigserver/CloudConfigServerApplicationTests-context.xml] does not exist
16:44:53.447 [Test worker] DEBUG org.springframework.test.context.support.AbstractContextLoader - Did not detect default resource location for test class [com.worklog.cloudconfigserver.CloudConfigServerApplicationTests]: class path resource [com/worklog/cloudconfigserver/CloudConfigServerApplicationTestsContext.groovy] does not exist
16:44:53.447 [Test worker] INFO org.springframework.test.context.support.AbstractContextLoader - Could not detect default resource locations for test class [com.worklog.cloudconfigserver.CloudConfigServerApplicationTests]: no resource found for suffixes {-context.xml, Context.groovy}.
16:44:53.448 [Test worker] INFO org.springframework.test.context.support.AnnotationConfigContextLoaderUtils - Could not detect default configuration classes for test class [com.worklog.cloudconfigserver.CloudConfigServerApplicationTests]: CloudConfigServerApplicationTests does not declare any static, non-private, non-final, nested classes annotated with @Configuration.
16:44:53.489 [Test worker] DEBUG org.springframework.test.context.support.ActiveProfilesUtils - Could not find an 'annotation declaring class' for annotation type [org.springframework.test.context.ActiveProfiles] and class [com.worklog.cloudconfigserver.CloudConfigServerApplicationTests]
16:44:53.547 [Test worker] DEBUG org.springframework.context.annotation.ClassPathScanningCandidateComponentProvider - Identified candidate component class: file [C:\Users\G Gowrishanker\eclipse-workspace\cloud-config-server\build\classes\groovy\main\com\worklog\cloudconfigserver\CloudConfigServerApplication.class]
16:44:53.547 [Test worker] INFO org.springframework.boot.test.context.SpringBootTestContextBootstrapper - Found @SpringBootConfiguration com.worklog.cloudconfigserver.CloudConfigServerApplication for test class com.worklog.cloudconfigserver.CloudConfigServerApplicationTests
16:44:53.648 [Test worker] DEBUG org.springframework.boot.test.context.SpringBootTestContextBootstrapper - @TestExecutionListeners is not present for class [com.worklog.cloudconfigserver.CloudConfigServerApplicationTests]: using defaults.
16:44:53.648 [Test worker] INFO org.springframework.boot.test.context.SpringBootTestContextBootstrapper - Loaded default TestExecutionListener class names from location [META-INF/spring.factories]: [org.springframework.boot.test.autoconfigure.restdocs.RestDocsTestExecutionListener, org.springframework.boot.test.autoconfigure.web.client.MockRestServiceServerResetTestExecutionListener, org.springframework.boot.test.autoconfigure.web.servlet.MockMvcPrintOnlyOnFailureTestExecutionListener, org.springframework.boot.test.autoconfigure.web.servlet.WebDriverTestExecutionListener, org.springframework.boot.test.autoconfigure.webservices.client.MockWebServiceServerTestExecutionListener, org.springframework.boot.test.mock.mockito.MockitoTestExecutionListener, org.springframework.boot.test.mock.mockito.ResetMocksTestExecutionListener, org.springframework.test.context.web.ServletTestExecutionListener, org.springframework.test.context.support.DirtiesContextBeforeModesTestExecutionListener, org.springframework.test.context.event.ApplicationEventsTestExecutionListener, org.springframework.test.context.support.DependencyInjectionTestExecutionListener, org.springframework.test.context.support.DirtiesContextTestExecutionListener, org.springframework.test.context.transaction.TransactionalTestExecutionListener, org.springframework.test.context.jdbc.SqlScriptsTestExecutionListener, org.springframework.test.context.event.EventPublishingTestExecutionListener]
16:44:53.660 [Test worker] DEBUG org.springframework.boot.test.context.SpringBootTestContextBootstrapper - Skipping candidate TestExecutionListener [org.springframework.test.context.transaction.TransactionalTestExecutionListener] due to a missing dependency. Specify custom listener classes or make the default listener classes and their required dependencies available. Offending class: [org/springframework/transaction/interceptor/TransactionAttributeSource]
16:44:53.661 [Test worker] DEBUG org.springframework.boot.test.context.SpringBootTestContextBootstrapper - Skipping candidate TestExecutionListener [org.springframework.test.context.jdbc.SqlScriptsTestExecutionListener] due to a missing dependency. Specify custom listener classes or make the default listener classes and their required dependencies available. Offending class: [org/springframework/transaction/interceptor/TransactionAttribute]
16:44:53.661 [Test worker] INFO org.springframework.boot.test.context.SpringBootTestContextBootstrapper - Using TestExecutionListeners: [org.springframework.test.context.web.ServletTestExecutionListener@35c42eef, org.springframework.test.context.support.DirtiesContextBeforeModesTestExecutionListener@75b73f40, org.springframework.test.context.event.ApplicationEventsTestExecutionListener@c65fc2f, org.springframework.boot.test.mock.mockito.MockitoTestExecutionListener@41b390d1, org.springframework.boot.test.autoconfigure.SpringBootDependencyInjectionTestExecutionListener@55147d5e, org.springframework.test.context.support.DirtiesContextTestExecutionListener@19150583, org.springframework.test.context.event.EventPublishingTestExecutionListener@3a32060a, org.springframework.boot.test.autoconfigure.restdocs.RestDocsTestExecutionListener@67da3c85, org.springframework.boot.test.autoconfigure.web.client.MockRestServiceServerResetTestExecutionListener@11d243ad, org.springframework.boot.test.autoconfigure.web.servlet.MockMvcPrintOnlyOnFailureTestExecutionListener@205a7509, org.springframework.boot.test.autoconfigure.web.servlet.WebDriverTestExecutionListener@a72255e, org.springframework.boot.test.autoconfigure.webservices.client.MockWebServiceServerTestExecutionListener@3cfa0e81, org.springframework.boot.test.mock.mockito.ResetMocksTestExecutionListener@3f36fd98]
16:44:53.664 [Test worker] DEBUG org.springframework.test.context.support.AbstractDirtiesContextTestExecutionListener - Before test class: context [DefaultTestContext@3a72995b testClass = CloudConfigServerApplicationTests, testInstance = [null], testMethod = [null], testException = [null], mergedContextConfiguration = [WebMergedContextConfiguration@1bfe3a82 testClass = CloudConfigServerApplicationTests, locations = '{}', classes = '{class com.worklog.cloudconfigserver.CloudConfigServerApplication}', contextInitializerClasses = '[]', activeProfiles = '{}', propertySourceLocations = '{}', propertySourceProperties = '{org.springframework.boot.test.context.SpringBootTestContextBootstrapper=true}', contextCustomizers = set[org.springframework.boot.test.autoconfigure.actuate.metrics.MetricsExportContextCustomizerFactory$DisableMetricExportContextCustomizer@6826b2c3, org.springframework.boot.test.autoconfigure.properties.PropertyMappingContextCustomizer@0, org.springframework.boot.test.autoconfigure.web.servlet.WebDriverContextCustomizerFactory$Customizer@1d9f93dc, org.springframework.boot.test.context.filter.ExcludeFilterContextCustomizer@10814ca6, org.springframework.boot.test.json.DuplicateJsonObjectContextCustomizerFactory$DuplicateJsonObjectContextCustomizer@495c3bd0, org.springframework.boot.test.mock.mockito.MockitoContextCustomizer@0, org.springframework.boot.test.web.client.TestRestTemplateContextCustomizer@5be04400, org.springframework.boot.test.context.SpringBootTestArgs@1, org.springframework.boot.test.context.SpringBootTestWebEnvironment@317f36ba], resourceBasePath = 'src/main/webapp', contextLoader = 'org.springframework.boot.test.context.SpringBootContextLoader', parent = [null]], attributes = map['org.springframework.test.context.web.ServletTestExecutionListener.activateListener' -> true]], class annotated with @DirtiesContext [false] with mode [null].
16:44:53.857 [Test worker] DEBUG org.springframework.test.context.support.TestPropertySourceUtils - Adding inlined properties to environment: {spring.jmx.enabled=false, org.springframework.boot.test.context.SpringBootTestContextBootstrapper=true}

  .   ____          _            __ _ _
 /\\ / ___'_ __ _ _(_)_ __  __ _ \ \ \ \
( ( )\___ | '_ | '_| | '_ \/ _` | \ \ \ \
 \\/  ___)| |_)| | | | | || (_| |  ) ) ) )
  '  |____| .__|_| |_|_| |_\__, | / / / /
 =========|_|==============|___/=/_/_/_/
 :: Spring Boot ::                (v2.4.2)

2021-02-09 16:44:54.381  INFO 19076 --- [    Test worker] c.w.c.CloudConfigServerApplicationTests  : Starting CloudConfigServerApplicationTests using Java 14.0.1 on LAPTOP-2KVEP5LJ with PID 19076 (started by G Gowrishanker in C:\Users\G Gowrishanker\eclipse-workspace\cloud-config-server)
2021-02-09 16:44:54.382  INFO 19076 --- [    Test worker] c.w.c.CloudConfigServerApplicationTests  : No active profile set, falling back to default profiles: default
2021-02-09 16:44:55.567  INFO 19076 --- [    Test worker] o.s.cloud.context.scope.GenericScope     : BeanFactory id=b36a47c3-3bf0-38be-b976-4f3b545f7e2a
2021-02-09 16:44:56.296  INFO 19076 --- [    Test worker] o.s.s.concurrent.ThreadPoolTaskExecutor  : Initializing ExecutorService 'applicationTaskExecutor'
2021-02-09 16:44:57.544  INFO 19076 --- [    Test worker] o.s.b.a.e.web.EndpointLinksResolver      : Exposing 2 endpoint(s) beneath base path '/actuator'
2021-02-09 16:44:57.614  INFO 19076 --- [    Test worker] c.w.c.CloudConfigServerApplicationTests  : Started CloudConfigServerApplicationTests in 3.749 seconds (JVM running for 4.968)
]]></system-out>
  <system-err><![CDATA[]]></system-err>
</testsuite>
