<?xml version="1.0" encoding="UTF-8"?>
<testsuite name="com.gssp.eurekaserver.EurekaServerApplicationTests" tests="1" skipped="0" failures="0" errors="0" timestamp="2021-02-09T10:32:32" hostname="LAPTOP-2KVEP5LJ" time="0.442">
  <properties/>
  <testcase name="contextLoads()" classname="com.gssp.eurekaserver.EurekaServerApplicationTests" time="0.442"/>
  <system-out><![CDATA[16:02:26.829 [Test worker] DEBUG org.springframework.test.context.BootstrapUtils - Instantiating CacheAwareContextLoaderDelegate from class [org.springframework.test.context.cache.DefaultCacheAwareContextLoaderDelegate]
16:02:26.841 [Test worker] DEBUG org.springframework.test.context.BootstrapUtils - Instantiating BootstrapContext using constructor [public org.springframework.test.context.support.DefaultBootstrapContext(java.lang.Class,org.springframework.test.context.CacheAwareContextLoaderDelegate)]
16:02:26.871 [Test worker] DEBUG org.springframework.test.context.BootstrapUtils - Instantiating TestContextBootstrapper for test class [com.gssp.eurekaserver.EurekaServerApplicationTests] from class [org.springframework.boot.test.context.SpringBootTestContextBootstrapper]
16:02:26.880 [Test worker] INFO org.springframework.boot.test.context.SpringBootTestContextBootstrapper - Neither @ContextConfiguration nor @ContextHierarchy found for test class [com.gssp.eurekaserver.EurekaServerApplicationTests], using SpringBootContextLoader
16:02:26.884 [Test worker] DEBUG org.springframework.test.context.support.AbstractContextLoader - Did not detect default resource location for test class [com.gssp.eurekaserver.EurekaServerApplicationTests]: class path resource [com/gssp/eurekaserver/EurekaServerApplicationTests-context.xml] does not exist
16:02:26.885 [Test worker] DEBUG org.springframework.test.context.support.AbstractContextLoader - Did not detect default resource location for test class [com.gssp.eurekaserver.EurekaServerApplicationTests]: class path resource [com/gssp/eurekaserver/EurekaServerApplicationTestsContext.groovy] does not exist
16:02:26.885 [Test worker] INFO org.springframework.test.context.support.AbstractContextLoader - Could not detect default resource locations for test class [com.gssp.eurekaserver.EurekaServerApplicationTests]: no resource found for suffixes {-context.xml, Context.groovy}.
16:02:26.886 [Test worker] INFO org.springframework.test.context.support.AnnotationConfigContextLoaderUtils - Could not detect default configuration classes for test class [com.gssp.eurekaserver.EurekaServerApplicationTests]: EurekaServerApplicationTests does not declare any static, non-private, non-final, nested classes annotated with @Configuration.
16:02:26.932 [Test worker] DEBUG org.springframework.test.context.support.ActiveProfilesUtils - Could not find an 'annotation declaring class' for annotation type [org.springframework.test.context.ActiveProfiles] and class [com.gssp.eurekaserver.EurekaServerApplicationTests]
16:02:26.997 [Test worker] DEBUG org.springframework.context.annotation.ClassPathScanningCandidateComponentProvider - Identified candidate component class: file [C:\Users\G Gowrishanker\eclipse-workspace\eureka-server\build\classes\groovy\main\com\gssp\eurekaserver\EurekaServerApplication.class]
16:02:26.998 [Test worker] INFO org.springframework.boot.test.context.SpringBootTestContextBootstrapper - Found @SpringBootConfiguration com.gssp.eurekaserver.EurekaServerApplication for test class com.gssp.eurekaserver.EurekaServerApplicationTests
16:02:27.131 [Test worker] DEBUG org.springframework.boot.test.context.SpringBootTestContextBootstrapper - @TestExecutionListeners is not present for class [com.gssp.eurekaserver.EurekaServerApplicationTests]: using defaults.
16:02:27.131 [Test worker] INFO org.springframework.boot.test.context.SpringBootTestContextBootstrapper - Loaded default TestExecutionListener class names from location [META-INF/spring.factories]: [org.springframework.boot.test.autoconfigure.restdocs.RestDocsTestExecutionListener, org.springframework.boot.test.autoconfigure.web.client.MockRestServiceServerResetTestExecutionListener, org.springframework.boot.test.autoconfigure.web.servlet.MockMvcPrintOnlyOnFailureTestExecutionListener, org.springframework.boot.test.autoconfigure.web.servlet.WebDriverTestExecutionListener, org.springframework.boot.test.autoconfigure.webservices.client.MockWebServiceServerTestExecutionListener, org.springframework.boot.test.mock.mockito.MockitoTestExecutionListener, org.springframework.boot.test.mock.mockito.ResetMocksTestExecutionListener, org.springframework.test.context.web.ServletTestExecutionListener, org.springframework.test.context.support.DirtiesContextBeforeModesTestExecutionListener, org.springframework.test.context.event.ApplicationEventsTestExecutionListener, org.springframework.test.context.support.DependencyInjectionTestExecutionListener, org.springframework.test.context.support.DirtiesContextTestExecutionListener, org.springframework.test.context.transaction.TransactionalTestExecutionListener, org.springframework.test.context.jdbc.SqlScriptsTestExecutionListener, org.springframework.test.context.event.EventPublishingTestExecutionListener]
16:02:27.142 [Test worker] DEBUG org.springframework.boot.test.context.SpringBootTestContextBootstrapper - Skipping candidate TestExecutionListener [org.springframework.test.context.transaction.TransactionalTestExecutionListener] due to a missing dependency. Specify custom listener classes or make the default listener classes and their required dependencies available. Offending class: [org/springframework/transaction/interceptor/TransactionAttributeSource]
16:02:27.143 [Test worker] DEBUG org.springframework.boot.test.context.SpringBootTestContextBootstrapper - Skipping candidate TestExecutionListener [org.springframework.test.context.jdbc.SqlScriptsTestExecutionListener] due to a missing dependency. Specify custom listener classes or make the default listener classes and their required dependencies available. Offending class: [org/springframework/transaction/interceptor/TransactionAttribute]
16:02:27.143 [Test worker] INFO org.springframework.boot.test.context.SpringBootTestContextBootstrapper - Using TestExecutionListeners: [org.springframework.test.context.web.ServletTestExecutionListener@6073f113, org.springframework.test.context.support.DirtiesContextBeforeModesTestExecutionListener@84c1938, org.springframework.test.context.event.ApplicationEventsTestExecutionListener@1d07722e, org.springframework.boot.test.mock.mockito.MockitoTestExecutionListener@7c7a3e50, org.springframework.boot.test.autoconfigure.SpringBootDependencyInjectionTestExecutionListener@3feb3a5, org.springframework.test.context.support.DirtiesContextTestExecutionListener@6b93ff3b, org.springframework.test.context.event.EventPublishingTestExecutionListener@4d236665, org.springframework.boot.test.autoconfigure.restdocs.RestDocsTestExecutionListener@6086592f, org.springframework.boot.test.autoconfigure.web.client.MockRestServiceServerResetTestExecutionListener@1693ad01, org.springframework.boot.test.autoconfigure.web.servlet.MockMvcPrintOnlyOnFailureTestExecutionListener@620de2cf, org.springframework.boot.test.autoconfigure.web.servlet.WebDriverTestExecutionListener@344ba0a5, org.springframework.boot.test.autoconfigure.webservices.client.MockWebServiceServerTestExecutionListener@6656d822, org.springframework.boot.test.mock.mockito.ResetMocksTestExecutionListener@6d269a4c]
16:02:27.146 [Test worker] DEBUG org.springframework.test.context.support.AbstractDirtiesContextTestExecutionListener - Before test class: context [DefaultTestContext@25059bb3 testClass = EurekaServerApplicationTests, testInstance = [null], testMethod = [null], testException = [null], mergedContextConfiguration = [WebMergedContextConfiguration@12373944 testClass = EurekaServerApplicationTests, locations = '{}', classes = '{class com.gssp.eurekaserver.EurekaServerApplication}', contextInitializerClasses = '[]', activeProfiles = '{}', propertySourceLocations = '{}', propertySourceProperties = '{org.springframework.boot.test.context.SpringBootTestContextBootstrapper=true}', contextCustomizers = set[org.springframework.boot.test.autoconfigure.actuate.metrics.MetricsExportContextCustomizerFactory$DisableMetricExportContextCustomizer@4ebc7ea2, org.springframework.boot.test.autoconfigure.properties.PropertyMappingContextCustomizer@0, org.springframework.boot.test.autoconfigure.web.servlet.WebDriverContextCustomizerFactory$Customizer@10814ca6, org.springframework.boot.test.context.filter.ExcludeFilterContextCustomizer@250de118, org.springframework.boot.test.json.DuplicateJsonObjectContextCustomizerFactory$DuplicateJsonObjectContextCustomizer@101471dd, org.springframework.boot.test.mock.mockito.MockitoContextCustomizer@0, org.springframework.boot.test.web.client.TestRestTemplateContextCustomizer@29e9cab, org.springframework.boot.test.context.SpringBootTestArgs@1, org.springframework.boot.test.context.SpringBootTestWebEnvironment@317f36ba], resourceBasePath = 'src/main/webapp', contextLoader = 'org.springframework.boot.test.context.SpringBootContextLoader', parent = [null]], attributes = map['org.springframework.test.context.web.ServletTestExecutionListener.activateListener' -> true]], class annotated with @DirtiesContext [false] with mode [null].
16:02:27.341 [Test worker] DEBUG org.springframework.test.context.support.TestPropertySourceUtils - Adding inlined properties to environment: {spring.jmx.enabled=false, org.springframework.boot.test.context.SpringBootTestContextBootstrapper=true}

  .   ____          _            __ _ _
 /\\ / ___'_ __ _ _(_)_ __  __ _ \ \ \ \
( ( )\___ | '_ | '_| | '_ \/ _` | \ \ \ \
 \\/  ___)| |_)| | | | | || (_| |  ) ) ) )
  '  |____| .__|_| |_|_| |_\__, | / / / /
 =========|_|==============|___/=/_/_/_/
 :: Spring Boot ::                (v2.4.2)

2021-02-09 16:02:27.915  INFO 15596 --- [    Test worker] c.g.e.EurekaServerApplicationTests       : Starting EurekaServerApplicationTests using Java 14.0.1 on LAPTOP-2KVEP5LJ with PID 15596 (started by G Gowrishanker in C:\Users\G Gowrishanker\eclipse-workspace\eureka-server)
2021-02-09 16:02:27.916  INFO 15596 --- [    Test worker] c.g.e.EurekaServerApplicationTests       : No active profile set, falling back to default profiles: default
2021-02-09 16:02:29.112  INFO 15596 --- [    Test worker] o.s.cloud.context.scope.GenericScope     : BeanFactory id=2e067cc6-6600-3afb-bea7-e4cf159875b5
2021-02-09 16:02:30.184  INFO 15596 --- [    Test worker] o.s.s.concurrent.ThreadPoolTaskExecutor  : Initializing ExecutorService 'applicationTaskExecutor'
2021-02-09 16:02:31.711  INFO 15596 --- [    Test worker] DiscoveryClientOptionalArgsConfiguration : Eureka HTTP Client uses Jersey
2021-02-09 16:02:31.855  WARN 15596 --- [    Test worker] iguration$LoadBalancerCaffeineWarnLogger : Spring Cloud LoadBalancer is currently working with the default cache. You can switch to using Caffeine cache, by adding it and org.springframework.cache.caffeine.CaffeineCacheManager to the classpath.
2021-02-09 16:02:32.121  INFO 15596 --- [    Test worker] o.s.c.n.eureka.InstanceInfoFactory       : Setting initial instance status as: STARTING
2021-02-09 16:02:32.166  INFO 15596 --- [    Test worker] com.netflix.discovery.DiscoveryClient    : Initializing Eureka in region us-east-1
2021-02-09 16:02:32.168  INFO 15596 --- [    Test worker] com.netflix.discovery.DiscoveryClient    : Client configured to neither register nor query for data.
2021-02-09 16:02:32.179  INFO 15596 --- [    Test worker] com.netflix.discovery.DiscoveryClient    : Discovery Client initialized at timestamp 1612866752178 with initial instances count: 0
2021-02-09 16:02:32.239  INFO 15596 --- [    Test worker] c.n.eureka.DefaultEurekaServerContext    : Initializing ...
2021-02-09 16:02:32.241  WARN 15596 --- [    Test worker] c.n.eureka.cluster.PeerEurekaNodes       : The replica size seems to be empty. Check the route 53 DNS Registry
2021-02-09 16:02:32.306  INFO 15596 --- [    Test worker] c.n.e.registry.AbstractInstanceRegistry  : Finished initializing remote region registries. All known remote regions: []
2021-02-09 16:02:32.307  INFO 15596 --- [    Test worker] c.n.eureka.DefaultEurekaServerContext    : Initialized
2021-02-09 16:02:32.488  INFO 15596 --- [    Test worker] o.s.b.a.e.web.EndpointLinksResolver      : Exposing 2 endpoint(s) beneath base path '/actuator'
2021-02-09 16:02:32.552  INFO 15596 --- [    Test worker] o.s.c.n.e.s.EurekaServiceRegistry        : Registering application UNKNOWN with eureka with status UP
2021-02-09 16:02:32.556  INFO 15596 --- [      Thread-12] o.s.c.n.e.server.EurekaServerBootstrap   : Setting the eureka configuration..
2021-02-09 16:02:32.573  INFO 15596 --- [      Thread-12] o.s.c.n.e.server.EurekaServerBootstrap   : isAws returned false
2021-02-09 16:02:32.573  INFO 15596 --- [      Thread-12] o.s.c.n.e.server.EurekaServerBootstrap   : Initialized server context
2021-02-09 16:02:32.574  INFO 15596 --- [      Thread-12] c.n.e.r.PeerAwareInstanceRegistryImpl    : Got 1 instances from neighboring DS node
2021-02-09 16:02:32.574  INFO 15596 --- [      Thread-12] c.n.e.r.PeerAwareInstanceRegistryImpl    : Renew threshold is: 1
2021-02-09 16:02:32.574  INFO 15596 --- [      Thread-12] c.n.e.r.PeerAwareInstanceRegistryImpl    : Changing status to UP
2021-02-09 16:02:32.581  INFO 15596 --- [    Test worker] c.g.e.EurekaServerApplicationTests       : Started EurekaServerApplicationTests in 5.233 seconds (JVM running for 6.656)
2021-02-09 16:02:32.593  INFO 15596 --- [      Thread-12] e.s.EurekaServerInitializerConfiguration : Started Eureka Server
]]></system-out>
  <system-err><![CDATA[]]></system-err>
</testsuite>
